[17:11:58][Info]: Remember! Quit the server by using 'Control + C' so a backup is properly made before closing!
[17:11:58][LMP]: Luna Server version: 0.27.0 (D:\Users\naqui\Desktop\LMPServer)
[17:11:58][Debug]: Loading universe... 0.605KB
[17:11:58][Debug]: Loading groups...
[17:11:58][Debug]: Loading settings...
[17:11:58][Debug]: Loading mod control...
[17:11:58][Debug]: Loading plugins...
[17:11:58][Error]: Subspace.txt should not contain more than 1 subspace line!
[17:11:58][LMP]: Starting 'Luna Server' on Port 8800... 
[17:11:59][Debug]: UPnP active. Port: 8800 Udp opened!
[17:11:59][Debug]: UPnP + Website active. Port: 8900 Tcp opened!
[17:11:59][LMP]: All systems up and running. Поехали!
[17:11:59][LMP]: Registering with master servers...
[17:11:59][Debug]: Performing a GarbageCollection...
[17:12:42][LMP]: New client Connection from 68.239.44.86:52029
[17:12:42][Debug]: Online Players: 0, connected: 1
[17:12:45][LMP]: Client Vinetta (bb868fdd0f8cff48e5b08dd25e80ad3976d7fd3d) handshake successfully, Version: 0.27.0
[17:12:45][Debug]: Online Players: 1, connected: 1
[17:12:46][Debug]: Vinetta sent Connection end message, reason: Disconnected
[17:12:46][Debug]: Online Players: 0, connected: 0
[17:12:46][Debug]: Performing backups...
[17:13:01][LMP]: Exiting... Please wait until all threads are finished
[17:13:01][Debug]: Performing backups...
[17:13:01][LMP]: So long and thanks for all the fish!
