[01:11:22][Info]: Remember! Quit the server by using 'Control + C' so a backup is properly made before closing!
[01:11:22][LMP]: Luna Server version: 0.27.0 (D:\Users\naqui\Desktop\LMPServer)
[01:11:22][Debug]: Loading universe... 0.605KB
[01:11:22][Debug]: Loading groups...
[01:11:22][Debug]: Loading settings...
[01:11:22][Debug]: Loading mod control...
[01:11:22][Debug]: Loading plugins...
[01:11:22][Error]: Subspace.txt should not contain more than 1 subspace line!
[01:11:22][LMP]: Starting 'Luna Server' on Port 8800... 
[01:11:23][Debug]: UPnP active. Port: 8800 Udp opened!
[01:11:23][Debug]: UPnP + Website active. Port: 8900 Tcp opened!
[01:11:23][LMP]: All systems up and running. Поехали!
[01:11:23][LMP]: Registering with master servers...
[01:11:23][Debug]: Performing a GarbageCollection...
[01:12:24][LMP]: Command input: www
[01:12:24][LMP]: Broadcasting www
[01:12:28][LMP]: Command input: help
[01:12:28][LMP]: Broadcasting help
[01:12:34][LMP]: Command input: say fart
[01:12:34][LMP]: Broadcasting say fart
[01:12:50][LMP]: Exiting... Please wait until all threads are finished
[01:12:54][Debug]: Performing backups...
[01:12:54][LMP]: Exiting... Please wait until all threads are finished
[01:12:54][Debug]: Performing backups...
[01:12:54][LMP]: So long and thanks for all the fish!
